INFO:     Will watch for changes in these directories: ['C:\\Users\\nithishraju\\Desktop\\git summa\\devlens\\backend']
INFO:     Uvicorn running on http://127.0.0.1:8000 (Press CTRL+C to quit)
INFO:     Started reloader process [18248] using WatchFiles
WARNING:  WatchFiles detected changes in 'routers\chat.py', 'routers\analyze.py', 'services\similarity_service.py', 'routers\search.py', 'services\tech_detector.py', 'config.py', 'services\ranking_service.py', 'routers\resume.py', 'services\github_service.py', 'main.py', 'services\ai_service.py', 'routers\__init__.py', 'routers\recommend.py', 'models\repository.py', 'db\mongo.py', 'services\cache_service.py', 'services\__init__.py'. Reloading...
INFO:     Started server process [25260]
INFO:     Waiting for application startup.
INFO:     Application startup complete.
ERROR:    Traceback (most recent call last):
  File "C:\Users\nithishraju\AppData\Local\Programs\Python\Python311\Lib\asyncio\runners.py", line 118, in run
    return self._loop.run_until_complete(task)
           ^^^^^^^^^^^^^^^^^^^^^^^^^^^^^^^^^^^
  File "C:\Users\nithishraju\AppData\Local\Programs\Python\Python311\Lib\asyncio\base_events.py", line 654, in run_until_complete
    return future.result()
           ^^^^^^^^^^^^^^^
asyncio.exceptions.CancelledError

During handling of the above exception, another exception occurred:

Traceback (most recent call last):
  File "C:\Users\nithishraju\AppData\Local\Programs\Python\Python311\Lib\asyncio\runners.py", line 190, in run
    return runner.run(main)
           ^^^^^^^^^^^^^^^^
  File "C:\Users\nithishraju\AppData\Local\Programs\Python\Python311\Lib\asyncio\runners.py", line 123, in run
    raise KeyboardInterrupt()
KeyboardInterrupt

During handling of the above exception, another exception occurred:

Traceback (most recent call last):
  File "C:\Users\nithishraju\AppData\Local\Programs\Python\Python311\Lib\site-packages\starlette\routing.py", line 741, in lifespan
    await receive()
  File "C:\Users\nithishraju\AppData\Local\Programs\Python\Python311\Lib\site-packages\uvicorn\lifespan\on.py", line 137, in receive
    return await self.receive_queue.get()
           ^^^^^^^^^^^^^^^^^^^^^^^^^^^^^^
  File "C:\Users\nithishraju\AppData\Local\Programs\Python\Python311\Lib\asyncio\queues.py", line 158, in get
    await getter
asyncio.exceptions.CancelledError

INFO:     Started server process [3116]
INFO:     Waiting for application startup.
INFO:     Application startup complete.
WARNING:  WatchFiles detected changes in 'routers\chat.py', 'routers\analyze.py', 'services\similarity_service.py', 'routers\search.py', 'services\tech_detector.py', 'config.py', 'services\ranking_service.py', 'routers\resume.py', 'services\github_service.py', 'main.py', 'services\ai_service.py', 'routers\__init__.py', 'routers\recommend.py', 'models\repository.py', 'db\mongo.py', 'services\cache_service.py', 'services\__init__.py'. Reloading...
INFO:     Shutting down
INFO:     Waiting for application shutdown.
INFO:     Application shutdown complete.
INFO:     Finished server process [3116]
INFO:     Started server process [8776]
INFO:     Waiting for application startup.
INFO:     Application startup complete.
WARNING:  WatchFiles detected changes in 'routers\analyze.py'. Reloading...
INFO:     Shutting down
INFO:     Waiting for application shutdown.
INFO:     Application shutdown complete.
INFO:     Finished server process [8776]
WARNING:  WatchFiles detected changes in 'routers\analyze.py'. Reloading...
Process SpawnProcess-4:
Traceback (most recent call last):
  File "C:\Users\nithishraju\AppData\Local\Programs\Python\Python311\Lib\multiprocessing\process.py", line 314, in _bootstrap
    self.run()
  File "C:\Users\nithishraju\AppData\Local\Programs\Python\Python311\Lib\multiprocessing\process.py", line 108, in run
    self._target(*self._args, **self._kwargs)
  File "C:\Users\nithishraju\AppData\Local\Programs\Python\Python311\Lib\site-packages\uvicorn\_subprocess.py", line 73, in subprocess_started
    sys.stdin = os.fdopen(stdin_fileno)
                ^^^^^^^^^^^^^^^^^^^^^^^
  File "<frozen os>", line 1031, in fdopen
  File "<frozen codecs>", line 309, in __init__
KeyboardInterrupt
INFO:     Started server process [20996]
INFO:     Waiting for application startup.
INFO:     Application startup complete.
WARNING:  WatchFiles detected changes in 'routers\analyze.py'. Reloading...
INFO:     Shutting down
INFO:     Waiting for application shutdown.
INFO:     Application shutdown complete.
INFO:     Finished server process [20996]
